{"timestamp": "2025-12-29T21:17:03.075426", "session_id": "092e38c3c85e", "level": 0, "event": "INFO", "explanation": "The user executed a command sequence () that indicates suspicious activity, triggering detections: .", "classification": "NORMAL"}
{"timestamp": "2025-12-29T21:17:09.074616", "session_id": "092e38c3c85e", "level": 1, "event": "INFO", "explanation": "The user executed a command sequence ('ls') that indicates suspicious activity, triggering detections: System Discovery (Reconnaissance).", "classification": "NORMAL"}
{"timestamp": "2025-12-29T21:17:15.077538", "session_id": "092e38c3c85e", "level": 1, "event": "INFO", "explanation": "The user executed a command sequence ('ls', 'whoami') that matches System Owner/User Discovery (T1033) behavior, triggering detections: System Discovery (Reconnaissance).", "classification": "NORMAL"}
{"timestamp": "2025-12-29T21:17:21.078509", "session_id": "092e38c3c85e", "level": 1, "event": "INFO", "explanation": "The user executed a command sequence ('ls', 'whoami', 'pwd') that matches System Owner/User Discovery (T1033) behavior, triggering detections: System Discovery (Reconnaissance).", "classification": "NORMAL"}
{"timestamp": "2025-12-29T21:17:27.077198", "session_id": "092e38c3c85e", "level": 1, "event": "INFO", "explanation": "The user executed a command sequence ('ls', 'whoami', 'pwd', 'exit') that matches Local Storage Discovery (T1680) behavior, triggering detections: System Discovery (Reconnaissance).", "classification": "NORMAL"}
{"timestamp": "2025-12-29T21:17:53.070671", "session_id": "513052891fd0", "level": 0, "event": "INFO", "explanation": "The user executed a command sequence () that indicates suspicious activity, triggering detections: .", "classification": "NORMAL"}
{"timestamp": "2025-12-31T20:03:23.489978", "session_id": "0ff9e600f946", "level": 0, "event": "INFO", "explanation": "The user executed a command sequence () that indicates suspicious activity, triggering detections: .", "classification": "NORMAL"}
{"timestamp": "2025-12-31T20:03:41.497237", "session_id": "0ff9e600f946", "level": 0, "event": "INFO", "explanation": "The user executed a command sequence () that indicates suspicious activity, triggering detections: .", "classification": "NORMAL"}
{"timestamp": "2025-12-31T20:05:07.486274", "session_id": "91a05919df48", "level": 0, "event": "INFO", "explanation": "The user executed a command sequence () that indicates suspicious activity, triggering detections: .", "classification": "NORMAL"}
{"timestamp": "2025-12-31T20:05:31.667616", "session_id": "91a05919df48", "level": 0, "event": "INFO", "explanation": "The user executed a command sequence () that indicates suspicious activity, triggering detections: .", "classification": "NORMAL"}
{"timestamp": "2025-12-31T20:05:37.496221", "session_id": "91a05919df48", "level": 1, "event": "INFO", "explanation": "The user executed a command sequence ('uname -r') that indicates suspicious activity, triggering detections: System Discovery (Reconnaissance).", "classification": "NORMAL"}
{"timestamp": "2025-12-31T20:07:05.742216", "session_id": "14a61b6bc718", "level": 0, "event": "INFO", "explanation": "The user executed a command sequence () that indicates suspicious activity, triggering detections: .", "classification": "NORMAL"}
{"timestamp": "2025-12-31T20:07:34.745295", "session_id": "14a61b6bc718", "level": 1, "event": "INFO", "explanation": "The user executed a command sequence ('uname -r') that indicates suspicious activity, triggering detections: System Discovery (Reconnaissance).", "classification": "NORMAL"}
{"timestamp": "2025-12-31T20:09:45.479731", "session_id": "edd587e7011c", "level": 0, "event": "INFO", "explanation": "The user executed a command sequence () that indicates suspicious activity, triggering detections: .", "classification": "NORMAL"}
{"timestamp": "2025-12-31T20:10:11.730267", "session_id": "edd587e7011c", "level": 0, "event": "INFO", "explanation": "The user executed a command sequence () that indicates suspicious activity, triggering detections: .", "classification": "NORMAL"}
{"timestamp": "2026-01-01T17:37:17.978719", "session_id": "a9646ed3d97e", "level": 0, "event": "INFO", "explanation": "The user executed a command sequence () that indicates suspicious activity, triggering detections: .", "classification": "NORMAL"}
{"timestamp": "2026-01-01T17:37:46.937985", "session_id": "a9646ed3d97e", "level": 0, "event": "INFO", "explanation": "The user executed a command sequence () that indicates suspicious activity, triggering detections: .", "classification": "NORMAL"}
{"timestamp": "2026-01-01T17:38:16.943602", "session_id": "be4c65b86df8", "level": 0, "event": "INFO", "explanation": "The user executed a command sequence () that indicates suspicious activity, triggering detections: .", "classification": "NORMAL"}
{"timestamp": "2026-01-01T17:38:48.406600", "session_id": "be4c65b86df8", "level": 0, "event": "INFO", "explanation": "The user executed a command sequence () that indicates suspicious activity, triggering detections: .", "classification": "NORMAL"}
{"timestamp": "2026-01-01T17:43:52.943608", "session_id": "16c2f697f636", "level": 0, "event": "INFO", "explanation": "The user executed a command sequence () that indicates suspicious activity, triggering detections: .", "classification": "NORMAL"}
{"timestamp": "2026-01-01T21:18:57.689374", "session_id": "6c80537d5b4a", "level": 0, "event": "INFO", "explanation": "The user executed a command sequence () that indicates suspicious activity, triggering detections: .", "classification": "NORMAL"}
{"timestamp": "2026-01-02T14:55:45.721033", "session_id": "b2ec276d41c9", "level": 0, "event": "INFO", "explanation": "The user executed a command sequence () that indicates suspicious activity, triggering detections: .", "classification": "NORMAL"}
{"timestamp": "2026-01-02T14:55:51.689656", "session_id": "b2ec276d41c9", "level": 0, "event": "INFO", "explanation": "The user executed a command sequence () that indicates suspicious activity, triggering detections: .", "classification": "NORMAL"}
{"timestamp": "2026-01-02T14:55:58.690689", "session_id": "b2ec276d41c9", "level": 0, "event": "INFO", "explanation": "The user executed a command sequence () that indicates suspicious activity, triggering detections: .", "classification": "NORMAL"}
{"timestamp": "2026-01-02T14:56:04.688738", "session_id": "b2ec276d41c9", "level": 1, "event": "INFO", "explanation": "The user executed a command sequence ('lss') that matches File and Directory Discovery (T1083) behavior, triggering detections: System Discovery (Reconnaissance).", "classification": "NORMAL"}
{"timestamp": "2026-01-02T14:56:10.690719", "session_id": "b2ec276d41c9", "level": 1, "event": "INFO", "explanation": "The user executed a command sequence ('lss', 'ls') that matches File and Directory Discovery (T1083) behavior, triggering detections: System Discovery (Reconnaissance).", "classification": "NORMAL"}
{"timestamp": "2026-01-02T14:56:29.691754", "session_id": "b2ec276d41c9", "level": 1, "event": "INFO", "explanation": "The user executed a command sequence ('lss', 'ls', 'whoami') that matches System Owner/User Discovery (T1033) behavior, triggering detections: System Discovery (Reconnaissance).", "classification": "NORMAL"}
